[debug] [2018-01-24T20:48:17.029Z] ----------------------------------------------------------------------
[debug] [2018-01-24T20:48:17.031Z] Command:       /usr/local/bin/node /usr/bin/firebase login
[debug] [2018-01-24T20:48:17.032Z] CLI Version:   3.17.2
[debug] [2018-01-24T20:48:17.032Z] Platform:      linux
[debug] [2018-01-24T20:48:17.032Z] Node Version:  v6.11.5
[debug] [2018-01-24T20:48:17.032Z] Time:          Wed Jan 24 2018 14:48:17 GMT-0600 (CST)
[debug] [2018-01-24T20:48:17.032Z] ----------------------------------------------------------------------
[debug] 
[info] 
[info] Visit this URL on any device to log in:
[info] https://accounts.google.com/o/oauth2/auth?client_id=563584335869-fgrhgmd47bqnekij5i8b5pr03ho849e6.apps.googleusercontent.com&scope=email%20openid%20https%3A%2F%2Fwww.googleapis.com%2Fauth%2Fcloudplatformprojects.readonly%20https%3A%2F%2Fwww.googleapis.com%2Fauth%2Ffirebase%20https%3A%2F%2Fwww.googleapis.com%2Fauth%2Fcloud-platform&response_type=code&state=153775180&redirect_uri=http%3A%2F%2Flocalhost%3A9005
[info] 
[info] Waiting for authentication...
[debug] [2018-01-24T20:48:31.764Z] >>> HTTP REQUEST POST https://accounts.google.com/o/oauth2/token  
 { code: '4/LvH-NN8S3vaK8et_N-un5rabGHl9pd3n6l5-92onSM8',
  client_id: '563584335869-fgrhgmd47bqnekij5i8b5pr03ho849e6.apps.googleusercontent.com',
  client_secret: 'j9iVZfS8kkCEFUPaAeJV0sAi',
  redirect_uri: 'http://localhost:9005',
  grant_type: 'authorization_code' } 
 Wed Jan 24 2018 14:48:31 GMT-0600 (CST)
[debug] [2018-01-24T20:48:31.877Z] Token Fetch Error: Error
    at Error.FirebaseError (/usr/lib/node_modules/firebase-tools/lib/error.js:11:17)
    at Request._callback (/usr/lib/node_modules/firebase-tools/lib/api.js:34:23)
    at self.callback (/usr/lib/node_modules/firebase-tools/node_modules/request/request.js:186:22)
    at emitOne (events.js:96:13)
    at Request.emit (events.js:188:7)
    at Request.onRequestError (/usr/lib/node_modules/firebase-tools/node_modules/request/request.js:878:8)
    at emitOne (events.js:96:13)
    at ClientRequest.emit (events.js:188:7)
    at TLSSocket.socketErrorListener (_http_client.js:310:9)
    at emitOne (events.js:96:13)
